<?xml version="1.0" encoding="UTF-8"?>
<!-- Generated by org.testng.reporters.JUnitXMLReporter -->
<testsuite ignored="0" hostname="Godbless" failures="0" tests="3" name="Default test" time="37.83" errors="0" timestamp="2021-05-24T00:13:05 BST">
  <testcase classname="GBE2EProject.LoginPageExcel" name="getLogin" time="11.709"/>
  <testcase classname="GBE2EProject.LoginPageExcel" name="getLogin" time="11.163"/>
  <testcase classname="GBE2EProject.LoginPageExcel" name="getLogin" time="9.547"/>
</testsuite> <!-- Default test -->
