<?xml version="1.0" encoding="UTF-8"?>
<!-- Generated by org.testng.reporters.JUnitXMLReporter -->
<testsuite ignored="0" hostname="Godbless" failures="0" tests="7" name="Test" time="65.591" errors="0" timestamp="2021-04-26T13:08:26 BST">
  <testcase classname="GBE2EProject.HomePage" name="getTitled" time="0.319"/>
  <testcase classname="GBE2EProject.LoginPage" name="getLogin" time="18.835"/>
  <testcase classname="GBE2EProject.LoginPage" name="getLogin" time="13.795"/>
  <testcase classname="GBE2EProject.LoginPage" name="printu" time="0.004"/>
  <testcase classname="GBE2EProject.Mentorship" name="MyMentorship" time="0.287"/>
  <testcase classname="GBE2EProject.validation" name="titleOfPage" time="0.091"/>
  <testcase classname="GBE2EProject.NavigationBar" name="NavigationBarr" time="0.191"/>
</testsuite> <!-- Test -->
