<?xml version="1.0" encoding="UTF-8"?>
<!-- Generated by org.testng.reporters.JUnitXMLReporter -->
<testsuite ignored="0" hostname="Godbless" failures="0" tests="3" name="VALIDATING LOGIN PAGE READ FROM EXCEL" time="55.731" errors="0" timestamp="2021-05-24T11:09:55 BST">
  <testcase classname="GBE2EProject.LoginPageExcel" name="getLogin" time="23.321"/>
  <testcase classname="GBE2EProject.LoginPageExcel" name="getLogin" time="12.647"/>
  <testcase classname="GBE2EProject.LoginPageExcel" name="getLogin" time="13.427"/>
</testsuite> <!-- VALIDATING LOGIN PAGE READ FROM EXCEL -->
